{"/Users/gregkroon/customers/githubexperiment/services/user-service/src/index.js": {"path":"/Users/gregkroon/customers/githubexperiment/services/user-service/src/index.js","statementMap":{"0":{"start":{"line":1,"column":16},"end":{"line":1,"column":34}},"1":{"start":{"line":2,"column":19},"end":{"line":2,"column":41}},"2":{"start":{"line":3,"column":16},"end":{"line":3,"column":34}},"3":{"start":{"line":5,"column":12},"end":{"line":5,"column":21}},"4":{"start":{"line":6,"column":13},"end":{"line":6,"column":37}},"5":{"start":{"line":9,"column":17},"end":{"line":9,"column":36}},"6":{"start":{"line":10,"column":28},"end":{"line":14,"column":2}},"7":{"start":{"line":16,"column":25},"end":{"line":20,"column":2}},"8":{"start":{"line":23,"column":15},"end":{"line":29,"column":2}},"9":{"start":{"line":31,"column":0},"end":{"line":31,"column":24}},"10":{"start":{"line":34,"column":0},"end":{"line":41,"column":3}},"11":{"start":{"line":35,"column":14},"end":{"line":35,"column":46}},"12":{"start":{"line":36,"column":2},"end":{"line":39,"column":5}},"13":{"start":{"line":37,"column":4},"end":{"line":37,"column":97}},"14":{"start":{"line":38,"column":4},"end":{"line":38,"column":114}},"15":{"start":{"line":40,"column":2},"end":{"line":40,"column":9}},"16":{"start":{"line":44,"column":0},"end":{"line":46,"column":3}},"17":{"start":{"line":45,"column":2},"end":{"line":45,"column":100}},"18":{"start":{"line":49,"column":0},"end":{"line":52,"column":3}},"19":{"start":{"line":51,"column":2},"end":{"line":51,"column":28}},"20":{"start":{"line":55,"column":0},"end":{"line":58,"column":3}},"21":{"start":{"line":56,"column":2},"end":{"line":56,"column":48}},"22":{"start":{"line":57,"column":2},"end":{"line":57,"column":36}},"23":{"start":{"line":61,"column":0},"end":{"line":69,"column":3}},"24":{"start":{"line":62,"column":2},"end":{"line":62,"column":32}},"25":{"start":{"line":63,"column":2},"end":{"line":68,"column":5}},"26":{"start":{"line":71,"column":0},"end":{"line":80,"column":3}},"27":{"start":{"line":72,"column":17},"end":{"line":72,"column":30}},"28":{"start":{"line":73,"column":2},"end":{"line":73,"column":41}},"29":{"start":{"line":75,"column":2},"end":{"line":79,"column":3}},"30":{"start":{"line":76,"column":4},"end":{"line":76,"column":67}},"31":{"start":{"line":78,"column":4},"end":{"line":78,"column":54}},"32":{"start":{"line":82,"column":0},"end":{"line":92,"column":3}},"33":{"start":{"line":83,"column":26},"end":{"line":83,"column":34}},"34":{"start":{"line":84,"column":2},"end":{"line":84,"column":40}},"35":{"start":{"line":87,"column":2},"end":{"line":89,"column":3}},"36":{"start":{"line":88,"column":4},"end":{"line":88,"column":70}},"37":{"start":{"line":91,"column":2},"end":{"line":91,"column":47}},"38":{"start":{"line":96,"column":0},"end":{"line":109,"column":1}},"39":{"start":{"line":97,"column":2},"end":{"line":99,"column":5}},"40":{"start":{"line":98,"column":4},"end":{"line":98,"column":58}},"41":{"start":{"line":102,"column":2},"end":{"line":108,"column":5}},"42":{"start":{"line":103,"column":4},"end":{"line":103,"column":62}},"43":{"start":{"line":104,"column":4},"end":{"line":107,"column":7}},"44":{"start":{"line":105,"column":6},"end":{"line":105,"column":35}},"45":{"start":{"line":106,"column":6},"end":{"line":106,"column":22}},"46":{"start":{"line":111,"column":0},"end":{"line":111,"column":21}}},"fnMap":{"0":{"name":"(anonymous_0)","decl":{"start":{"line":34,"column":8},"end":{"line":34,"column":9}},"loc":{"start":{"line":34,"column":28},"end":{"line":41,"column":1}},"line":34},"1":{"name":"(anonymous_1)","decl":{"start":{"line":36,"column":19},"end":{"line":36,"column":20}},"loc":{"start":{"line":36,"column":25},"end":{"line":39,"column":3}},"line":36},"2":{"name":"(anonymous_2)","decl":{"start":{"line":44,"column":19},"end":{"line":44,"column":20}},"loc":{"start":{"line":44,"column":33},"end":{"line":46,"column":1}},"line":44},"3":{"name":"(anonymous_3)","decl":{"start":{"line":49,"column":18},"end":{"line":49,"column":19}},"loc":{"start":{"line":49,"column":32},"end":{"line":52,"column":1}},"line":49},"4":{"name":"(anonymous_4)","decl":{"start":{"line":55,"column":20},"end":{"line":55,"column":21}},"loc":{"start":{"line":55,"column":40},"end":{"line":58,"column":1}},"line":55},"5":{"name":"(anonymous_5)","decl":{"start":{"line":61,"column":22},"end":{"line":61,"column":23}},"loc":{"start":{"line":61,"column":36},"end":{"line":69,"column":1}},"line":61},"6":{"name":"(anonymous_6)","decl":{"start":{"line":71,"column":26},"end":{"line":71,"column":27}},"loc":{"start":{"line":71,"column":40},"end":{"line":80,"column":1}},"line":71},"7":{"name":"(anonymous_7)","decl":{"start":{"line":82,"column":23},"end":{"line":82,"column":24}},"loc":{"start":{"line":82,"column":37},"end":{"line":92,"column":1}},"line":82},"8":{"name":"(anonymous_8)","decl":{"start":{"line":97,"column":28},"end":{"line":97,"column":29}},"loc":{"start":{"line":97,"column":34},"end":{"line":99,"column":3}},"line":97},"9":{"name":"(anonymous_9)","decl":{"start":{"line":102,"column":24},"end":{"line":102,"column":25}},"loc":{"start":{"line":102,"column":30},"end":{"line":108,"column":3}},"line":102},"10":{"name":"(anonymous_10)","decl":{"start":{"line":104,"column":17},"end":{"line":104,"column":18}},"loc":{"start":{"line":104,"column":23},"end":{"line":107,"column":5}},"line":104}},"branchMap":{"0":{"loc":{"start":{"line":6,"column":13},"end":{"line":6,"column":37}},"type":"binary-expr","locations":[{"start":{"line":6,"column":13},"end":{"line":6,"column":29}},{"start":{"line":6,"column":33},"end":{"line":6,"column":37}}],"line":6},"1":{"loc":{"start":{"line":37,"column":37},"end":{"line":37,"column":64}},"type":"binary-expr","locations":[{"start":{"line":37,"column":37},"end":{"line":37,"column":52}},{"start":{"line":37,"column":56},"end":{"line":37,"column":64}}],"line":37},"2":{"loc":{"start":{"line":38,"column":54},"end":{"line":38,"column":81}},"type":"binary-expr","locations":[{"start":{"line":38,"column":54},"end":{"line":38,"column":69}},{"start":{"line":38,"column":73},"end":{"line":38,"column":81}}],"line":38},"3":{"loc":{"start":{"line":45,"column":66},"end":{"line":45,"column":96}},"type":"binary-expr","locations":[{"start":{"line":45,"column":66},"end":{"line":45,"column":85}},{"start":{"line":45,"column":89},"end":{"line":45,"column":96}}],"line":45},"4":{"loc":{"start":{"line":75,"column":2},"end":{"line":79,"column":3}},"type":"if","locations":[{"start":{"line":75,"column":2},"end":{"line":79,"column":3}},{"start":{"line":77,"column":9},"end":{"line":79,"column":3}}],"line":75},"5":{"loc":{"start":{"line":87,"column":2},"end":{"line":89,"column":3}},"type":"if","locations":[{"start":{"line":87,"column":2},"end":{"line":89,"column":3}},{"start":{},"end":{}}],"line":87},"6":{"loc":{"start":{"line":87,"column":6},"end":{"line":87,"column":21}},"type":"binary-expr","locations":[{"start":{"line":87,"column":6},"end":{"line":87,"column":11}},{"start":{"line":87,"column":15},"end":{"line":87,"column":21}}],"line":87},"7":{"loc":{"start":{"line":96,"column":0},"end":{"line":109,"column":1}},"type":"if","locations":[{"start":{"line":96,"column":0},"end":{"line":109,"column":1}},{"start":{},"end":{}}],"line":96}},"s":{"0":1,"1":1,"2":1,"3":1,"4":1,"5":1,"6":1,"7":1,"8":1,"9":1,"10":1,"11":7,"12":7,"13":7,"14":7,"15":7,"16":1,"17":1,"18":1,"19":0,"20":1,"21":1,"22":1,"23":1,"24":1,"25":1,"26":1,"27":2,"28":2,"29":2,"30":1,"31":1,"32":1,"33":2,"34":2,"35":2,"36":1,"37":1,"38":1,"39":0,"40":0,"41":0,"42":0,"43":0,"44":0,"45":0,"46":1},"f":{"0":7,"1":7,"2":1,"3":0,"4":1,"5":1,"6":2,"7":2,"8":0,"9":0,"10":0},"b":{"0":[1,1],"1":[7,0],"2":[7,0],"3":[1,1],"4":[1,1],"5":[1,1],"6":[2,1],"7":[0,1]},"_coverageSchema":"1a1c01bbd47fc00a2c39e90264f33305004495a9","hash":"79e4a44e23b357871fc8b463443a802c5f04fe67"}
}
