TN:
SF:src/index.js
FN:34,(anonymous_0)
FN:36,(anonymous_1)
FN:44,(anonymous_2)
FN:49,(anonymous_3)
FN:55,(anonymous_4)
FN:61,(anonymous_5)
FN:71,(anonymous_6)
FN:82,(anonymous_7)
FN:97,(anonymous_8)
FN:102,(anonymous_9)
FN:104,(anonymous_10)
FNF:11
FNH:7
FNDA:7,(anonymous_0)
FNDA:7,(anonymous_1)
FNDA:1,(anonymous_2)
FNDA:0,(anonymous_3)
FNDA:1,(anonymous_4)
FNDA:1,(anonymous_5)
FNDA:2,(anonymous_6)
FNDA:2,(anonymous_7)
FNDA:0,(anonymous_8)
FNDA:0,(anonymous_9)
FNDA:0,(anonymous_10)
DA:1,1
DA:2,1
DA:3,1
DA:5,1
DA:6,1
DA:9,1
DA:10,1
DA:16,1
DA:23,1
DA:31,1
DA:34,1
DA:35,7
DA:36,7
DA:37,7
DA:38,7
DA:40,7
DA:44,1
DA:45,1
DA:49,1
DA:51,0
DA:55,1
DA:56,1
DA:57,1
DA:61,1
DA:62,1
DA:63,1
DA:71,1
DA:72,2
DA:73,2
DA:75,2
DA:76,1
DA:78,1
DA:82,1
DA:83,2
DA:84,2
DA:87,2
DA:88,1
DA:91,1
DA:96,1
DA:97,0
DA:98,0
DA:102,0
DA:103,0
DA:104,0
DA:105,0
DA:106,0
DA:111,1
LF:47
LH:39
BRDA:6,0,0,1
BRDA:6,0,1,1
BRDA:37,1,0,7
BRDA:37,1,1,0
BRDA:38,2,0,7
BRDA:38,2,1,0
BRDA:45,3,0,1
BRDA:45,3,1,1
BRDA:75,4,0,1
BRDA:75,4,1,1
BRDA:87,5,0,1
BRDA:87,5,1,1
BRDA:87,6,0,2
BRDA:87,6,1,1
BRDA:96,7,0,0
BRDA:96,7,1,1
BRF:16
BRH:13
end_of_record
